2026-01-18T13:34:55-03:00 - PHPMailer Error: SMTP Error: Could not connect to SMTP host. Connection failed. stream_socket_enable_crypto(): SSL operation failed with code 1. OpenSSL Error messages:
error:0A000086:SSL routines::certificate verify failed
2026-01-18T13:34:57-03:00 - PHP mail() Error: mail(): Failed to connect to mailserver at &quot;localhost&quot; port 25, verify your &quot;SMTP&quot; and &quot;smtp_port&quot; setting in php.ini or use ini_set()
2026-01-18T13:45:50-03:00 - PHPMailer Error: SMTP Error: Could not connect to SMTP host. Connection failed. stream_socket_enable_crypto(): SSL operation failed with code 1. OpenSSL Error messages:
error:0A000086:SSL routines::certificate verify failed
2026-01-18T13:45:52-03:00 - PHP mail() Error: mail(): Failed to connect to mailserver at &quot;localhost&quot; port 25, verify your &quot;SMTP&quot; and &quot;smtp_port&quot; setting in php.ini or use ini_set()
2026-01-18T13:47:02-03:00 - PHPMailer Error: SMTP Error: Could not connect to SMTP host. Connection failed. stream_socket_enable_crypto(): SSL operation failed with code 1. OpenSSL Error messages:
error:0A000086:SSL routines::certificate verify failed
2026-01-18T13:47:03-03:00 - PHP mail() Error: mail(): SMTP server response: 530-5.7.0 Must issue a STARTTLS command first. For more information, go to
530-5.7.0  https://support.google.com/a/answer/3221692 and review RFC 3207
530 5.7.0 specifications. d2e1a72fcca58-81fa10cf1e6sm6906974b3a.26 - gsmtp
2026-02-23T08:12:58-03:00 - PHPMailer Error: SMTP Error: Could not connect to SMTP host. Connection failed. stream_socket_enable_crypto(): SSL operation failed with code 1. OpenSSL Error messages:
error:0A000086:SSL routines::certificate verify failed
2026-02-23T08:13:00-03:00 - PHP mail() Error: mail(): SMTP server response: 530-5.7.0 Must issue a STARTTLS command first. For more information, go to
530-5.7.0  https://support.google.com/a/answer/3221692 and review RFC 3207
530 5.7.0 specifications. d2e1a72fcca58-826dd641040sm7137424b3a.10 - gsmtp
2026-03-01T05:08:27-03:00 - PHPMailer Error: SMTP Error: Could not connect to SMTP host. Connection failed. stream_socket_enable_crypto(): SSL operation failed with code 1. OpenSSL Error messages:
error:0A000086:SSL routines::certificate verify failed
2026-03-01T05:08:28-03:00 - PHP mail() Error: mail(): SMTP server response: 530-5.7.0 Must issue a STARTTLS command first. For more information, go to
530-5.7.0  https://support.google.com/a/answer/3221692 and review RFC 3207
530 5.7.0 specifications. d9443c01a7336-2adfb5b257esm103430265ad.4 - gsmtp
2026-03-01T05:08:29-03:00 - PHPMailer Error: SMTP Error: Could not connect to SMTP host. Connection failed. stream_socket_enable_crypto(): SSL operation failed with code 1. OpenSSL Error messages:
error:0A000086:SSL routines::certificate verify failed
2026-03-01T05:08:30-03:00 - PHP mail() Error: mail(): SMTP server response: 530-5.7.0 Must issue a STARTTLS command first. For more information, go to
530-5.7.0  https://support.google.com/a/answer/3221692 and review RFC 3207
530 5.7.0 specifications. d2e1a72fcca58-82739ba6275sm12283003b3a.0 - gsmtp
2026-03-02T10:01:40-03:00 - PHPMailer Error: SMTP Error: Could not connect to SMTP host. Connection failed. stream_socket_enable_crypto(): SSL operation failed with code 1. OpenSSL Error messages:
error:0A000086:SSL routines::certificate verify failed
2026-03-02T10:01:41-03:00 - PHP mail() Error: mail(): SMTP server response: 530-5.7.0 Must issue a STARTTLS command first. For more information, go to
530-5.7.0  https://support.google.com/a/answer/3221692 and review RFC 3207
530 5.7.0 specifications. d9443c01a7336-2adfb69f98bsm144848115ad.56 - gsmtp
2026-03-02T10:01:42-03:00 - PHPMailer Error: SMTP Error: Could not connect to SMTP host. Connection failed. stream_socket_enable_crypto(): SSL operation failed with code 1. OpenSSL Error messages:
error:0A000086:SSL routines::certificate verify failed
2026-03-02T10:01:43-03:00 - PHP mail() Error: mail(): SMTP server response: 530-5.7.0 Must issue a STARTTLS command first. For more information, go to
530-5.7.0  https://support.google.com/a/answer/3221692 and review RFC 3207
530 5.7.0 specifications. d9443c01a7336-2adfb5b48f4sm139285415ad.13 - gsmtp
